0 info it worked if it ends with ok
1 verbose cli [ '/usr/local/bin/node', '/usr/local/bin/npm', 'run', 'develop' ]
2 info using npm@3.3.12
3 info using node@v5.5.0
4 verbose run-script [ 'predevelop', 'develop', 'postdevelop' ]
5 info lifecycle hatoya@1.0.0~predevelop: hatoya@1.0.0
6 silly lifecycle hatoya@1.0.0~predevelop: no script for predevelop, continuing
7 info lifecycle hatoya@1.0.0~develop: hatoya@1.0.0
8 verbose lifecycle hatoya@1.0.0~develop: unsafe-perm in lifecycle true
9 verbose lifecycle hatoya@1.0.0~develop: PATH: /usr/local/lib/node_modules/npm/bin/node-gyp-bin:/Users/wadahayato/Desktop/EmotionalBalloon/node_modules/.bin:/Library/Frameworks/Python.framework/Versions/2.7/bin:/usr/local/bin:/usr/bin:/bin:/usr/sbin:/sbin:/opt/X11/bin
10 verbose lifecycle hatoya@1.0.0~develop: CWD: /Users/wadahayato/Desktop/EmotionalBalloon
11 silly lifecycle hatoya@1.0.0~develop: Args: [ '-c', 'gulp' ]
12 silly lifecycle hatoya@1.0.0~develop: Returned: code: 1  signal: null
13 info lifecycle hatoya@1.0.0~develop: Failed to exec develop script
14 verbose stack Error: hatoya@1.0.0 develop: `gulp`
14 verbose stack Exit status 1
14 verbose stack     at EventEmitter.<anonymous> (/usr/local/lib/node_modules/npm/lib/utils/lifecycle.js:232:16)
14 verbose stack     at emitTwo (events.js:100:13)
14 verbose stack     at EventEmitter.emit (events.js:185:7)
14 verbose stack     at ChildProcess.<anonymous> (/usr/local/lib/node_modules/npm/lib/utils/spawn.js:24:14)
14 verbose stack     at emitTwo (events.js:100:13)
14 verbose stack     at ChildProcess.emit (events.js:185:7)
14 verbose stack     at maybeClose (internal/child_process.js:821:16)
14 verbose stack     at Process.ChildProcess._handle.onexit (internal/child_process.js:211:5)
15 verbose pkgid hatoya@1.0.0
16 verbose cwd /Users/wadahayato/Desktop/EmotionalBalloon
17 error Darwin 15.0.0
18 error argv "/usr/local/bin/node" "/usr/local/bin/npm" "run" "develop"
19 error node v5.5.0
20 error npm  v3.3.12
21 error code ELIFECYCLE
22 error hatoya@1.0.0 develop: `gulp`
22 error Exit status 1
23 error Failed at the hatoya@1.0.0 develop script 'gulp'.
23 error Make sure you have the latest version of node.js and npm installed.
23 error If you do, this is most likely a problem with the hatoya package,
23 error not with npm itself.
23 error Tell the author that this fails on your system:
23 error     gulp
23 error You can get their info via:
23 error     npm owner ls hatoya
23 error There is likely additional logging output above.
24 verbose exit [ 1, true ]
